<?xml version="1.0" encoding="UTF-8"?>
<!-- Generated by org.testng.reporters.JUnitReportReporter -->
<testsuite hostname="Mano" failures="0" tests="1" name="Base_Class.Base_Class" time="11.500" errors="0" timestamp="2022-12-31T13:30:28 IST" skipped="0">
  <testcase classname="Base_Class.Base_Class" name="browserlunch" time="11.500"/>
  <system-out/>
</testsuite> <!-- Base_Class.Base_Class -->
